<?xml version="1.0" encoding="UTF-8"?>
<!-- Generated by org.testng.reporters.JUnitReportReporter -->
<testsuite hostname="LAPTOP-JN10RBCP" failures="0" tests="3" name="practice.DataProvider" time="70.570" errors="0" timestamp="2024-01-29T16:08:22 IST" skipped="0">
  <testcase classname="practice.DataProvider" name="SalesOrder" time="22.831"/>
  <testcase classname="practice.DataProvider" name="SalesOrder" time="23.611"/>
  <testcase classname="practice.DataProvider" name="SalesOrder" time="24.128"/>
</testsuite> <!-- practice.DataProvider -->
