<?xml version="1.0" encoding="UTF-8"?>
<!-- Generated by org.testng.reporters.JUnitReportReporter -->
<testsuite hostname="LAPTOP-JN10RBCP" failures="0" tests="1" name="Interviewprogram.Zoomcarquestion" time="0.006" errors="0" timestamp="2023-02-20T10:08:46 IST" skipped="0">
  <testcase classname="Interviewprogram.Zoomcarquestion" name="zoom" time="0.006"/>
  <system-out/>
</testsuite> <!-- Interviewprogram.Zoomcarquestion -->
