<?xml version="1.0" encoding="UTF-8"?>
<!-- Generated by org.testng.reporters.JUnitReportReporter -->
<testsuite hostname="LAPTOP-JN10RBCP" failures="0" tests="1" name="AmazonzoomSceniro" time="24.322" errors="0" timestamp="2023-02-16T13:13:38 IST" skipped="0">
  <testcase classname="AmazonzoomSceniro" name="amazon" time="24.322"/>
  <system-out/>
</testsuite> <!-- AmazonzoomSceniro -->
