<?xml version="1.0" encoding="UTF-8"?>
<!-- Generated by org.testng.reporters.JUnitReportReporter -->
<testsuite hostname="LAPTOP-JN10RBCP" failures="0" tests="3" name="practice.Practice" time="0.008" errors="0" timestamp="2022-12-24T20:19:08 IST" skipped="0">
  <testcase classname="practice.Practice" name="a" time="0.006"/>
  <system-out/>
  <testcase classname="practice.Practice" name="abb" time="0.001"/>
  <system-out/>
  <testcase classname="practice.Practice" name="ab" time="0.001"/>
  <system-out/>
</testsuite> <!-- practice.Practice -->
