<?xml version="1.0" encoding="UTF-8"?>
<!-- Generated by org.testng.reporters.JUnitReportReporter -->
<testsuite hostname="LAPTOP-JN10RBCP" failures="0" tests="1" name="Login.excelfetch" time="8.104" errors="0" timestamp="2024-01-24T12:28:22 IST" skipped="0">
  <testcase classname="Login.excelfetch" name="fetch" time="8.104"/>
</testsuite> <!-- Login.excelfetch -->
