<?xml version="1.0" encoding="UTF-8"?>
<!-- Generated by org.testng.reporters.JUnitReportReporter -->
<testsuite hostname="LAPTOP-JN10RBCP" failures="0" tests="2" name="practice.jupiter12" time="44.623" errors="0" timestamp="2023-02-06T15:58:22 IST" skipped="0">
  <testcase classname="practice.jupiter12" name="validatTest2" time="30.147"/>
  <system-out/>
  <testcase classname="practice.jupiter12" name="validatetest" time="14.476"/>
  <system-out/>
</testsuite> <!-- practice.jupiter12 -->
