<?xml version="1.0" encoding="UTF-8"?>
<!-- Generated by org.testng.reporters.JUnitReportReporter -->
<testsuite hostname="LAPTOP-JN10RBCP" failures="0" tests="1" name="Interviewprogram.StringRakutaninter" time="0.006" errors="0" timestamp="2023-02-16T21:26:59 IST" skipped="0">
  <testcase classname="Interviewprogram.StringRakutaninter" name="sort" time="0.006"/>
  <system-out/>
</testsuite> <!-- Interviewprogram.StringRakutaninter -->
