<?xml version="1.0" encoding="UTF-8"?>
<!-- Generated by org.testng.reporters.JUnitReportReporter -->
<testsuite hostname="LAPTOP-JN10RBCP" failures="0" tests="3" name="data.Dataprovider" time="0.010" errors="0" timestamp="2024-01-24T15:16:58 IST" skipped="0">
  <testcase classname="data.Dataprovider" name="login" time="0.008"/>
  <testcase classname="data.Dataprovider" name="login" time="0.001"/>
  <testcase classname="data.Dataprovider" name="login" time="0.001"/>
</testsuite> <!-- data.Dataprovider -->
