<?xml version="1.0" encoding="UTF-8"?>
<!-- Generated by org.testng.reporters.JUnitReportReporter -->
<testsuite hostname="LAPTOP-JN10RBCP" failures="0" tests="2" name="Interviewprogram.Zoominterview" time="0.005" errors="0" timestamp="2023-02-20T10:14:02 IST" skipped="1">
  <testcase classname="Interviewprogram.Zoominterview" name="pro" time="0.005"/>
  <system-out/>
  <testcase classname="Interviewprogram.Zoominterview" name="occurance">
    <skipped/>
  </testcase> <!-- occurance -->
  <system-out/>
</testsuite> <!-- Interviewprogram.Zoominterview -->
