<?xml version="1.0" encoding="UTF-8"?>
<!-- Generated by org.testng.reporters.JUnitReportReporter -->
<testsuite hostname="LAPTOP-JN10RBCP" failures="0" tests="4" name="practice.javaprograms" time="0.008" errors="0" timestamp="2023-02-18T10:51:40 IST" skipped="0">
  <testcase classname="practice.javaprograms" name="proreverse" time="0.006"/>
  <system-out/>
  <testcase classname="practice.javaprograms" name="pro" time="0.001"/>
  <system-out/>
  <testcase classname="practice.javaprograms" name="pro1" time="0.001"/>
  <system-out/>
  <testcase classname="practice.javaprograms" name="primeno" time="0.000"/>
  <system-out/>
</testsuite> <!-- practice.javaprograms -->
