<?xml version="1.0" encoding="UTF-8"?>
<!-- Generated by org.testng.reporters.JUnitReportReporter -->
<testsuite hostname="LAPTOP-JN10RBCP" failures="0" tests="1" name="practice.jupiter3" time="10.227" errors="0" timestamp="2023-02-06T15:50:56 IST" skipped="0">
  <testcase classname="practice.jupiter3" name="validatTest3" time="10.227"/>
  <system-out/>
</testsuite> <!-- practice.jupiter3 -->
