<?xml version="1.0" encoding="UTF-8"?>
<!-- Generated by org.testng.reporters.JUnitReportReporter -->
<testsuite hostname="LAPTOP-JN10RBCP" failures="0" tests="1" name="practice.akkamaiexcelprogram" time="0.505" errors="0" timestamp="2023-02-18T10:06:52 IST" skipped="0">
  <testcase classname="practice.akkamaiexcelprogram" name="pro" time="0.505"/>
  <system-out/>
</testsuite> <!-- practice.akkamaiexcelprogram -->
